# JRE version: OpenJDK Runtime Environment Microsoft-40648 (11.0.16.1+1) (build 11.0.16.1+1-LTS)
# Java VM: OpenJDK 64-Bit Server VM Microsoft-40648 (11.0.16.1+1-LTS, mixed mode, tiered, compressed oops, g1 gc, windows-amd64)
Heap:
 garbage-first heap   total 251904K, used 96014K [0x000000070a400000, 0x0000000800000000)
  region size 1024K, 16 young (16384K), 1 survivors (1024K)
 Metaspace       used 30421K, capacity 31114K, committed 31408K, reserved 1077248K
  class space    used 3185K, capacity 3481K, committed 3584K, reserved 1048576K
GC Heap History (20 events):
Event: 85.295 GC heap before
{Heap before GC invocations=216 (full 0):
 garbage-first heap   total 251904K, used 114333K [0x000000070a400000, 0x0000000800000000)
  region size 1024K, 4 young (4096K), 1 survivors (1024K)
 Metaspace       used 27854K, capacity 28434K, committed 28720K, reserved 1075200K
  class space    used 2912K, capacity 3159K, committed 3200K, reserved 1048576K
}
Event: 85.296 GC heap after
{Heap after GC invocations=217 (full 0):
 garbage-first heap   total 251904K, used 15011K [0x000000070a400000, 0x0000000800000000)
  region size 1024K, 1 young (1024K), 1 survivors (1024K)
 Metaspace       used 27854K, capacity 28434K, committed 28720K, reserved 1075200K
  class space    used 2912K, capacity 3159K, committed 3200K, reserved 1048576K
}
Event: 88.429 GC heap before
{Heap before GC invocations=218 (full 0):
 garbage-first heap   total 251904K, used 114339K [0x000000070a400000, 0x0000000800000000)
  region size 1024K, 4 young (4096K), 1 survivors (1024K)
 Metaspace       used 28181K, capacity 28818K, committed 29104K, reserved 1075200K
  class space    used 2934K, capacity 3223K, committed 3328K, reserved 1048576K
}
Event: 88.431 GC heap after
{Heap after GC invocations=219 (full 0):
 garbage-first heap   total 251904K, used 15041K [0x000000070a400000, 0x0000000800000000)
  region size 1024K, 1 young (1024K), 1 survivors (1024K)
 Metaspace       used 28181K, capacity 28818K, committed 29104K, reserved 1075200K
  class space    used 2934K, capacity 3223K, committed 3328K, reserved 1048576K
}
Event: 91.552 GC heap before
{Heap before GC invocations=220 (full 0):
 garbage-first heap   total 251904K, used 114369K [0x000000070a400000, 0x0000000800000000)
  region size 1024K, 4 young (4096K), 1 survivors (1024K)
 Metaspace       used 28200K, capacity 28818K, committed 29104K, reserved 1075200K
  class space    used 2934K, capacity 3223K, committed 3328K, reserved 1048576K
}
Event: 91.553 GC heap after
{Heap after GC invocations=221 (full 0):
 garbage-first heap   total 251904K, used 15075K [0x000000070a400000, 0x0000000800000000)
  region size 1024K, 1 young (1024K), 1 survivors (1024K)
 Metaspace       used 28200K, capacity 28818K, committed 29104K, reserved 1075200K
  class space    used 2934K, capacity 3223K, committed 3328K, reserved 1048576K
}
Event: 94.685 GC heap before
{Heap before GC invocations=222 (full 0):
 garbage-first heap   total 251904K, used 114403K [0x000000070a400000, 0x0000000800000000)
  region size 1024K, 4 young (4096K), 1 survivors (1024K)
 Metaspace       used 28297K, capacity 28946K, committed 29104K, reserved 1075200K
  class space    used 2944K, capacity 3223K, committed 3328K, reserved 1048576K
}
Event: 94.686 GC heap after
{Heap after GC invocations=223 (full 0):
 garbage-first heap   total 251904K, used 15087K [0x000000070a400000, 0x0000000800000000)
  region size 1024K, 1 young (1024K), 1 survivors (1024K)
 Metaspace       used 28297K, capacity 28946K, committed 29104K, reserved 1075200K
  class space    used 2944K, capacity 3223K, committed 3328K, reserved 1048576K
}
Event: 97.808 GC heap before
{Heap before GC invocations=224 (full 0):
 garbage-first heap   total 251904K, used 113391K [0x000000070a400000, 0x0000000800000000)
  region size 1024K, 3 young (3072K), 1 survivors (1024K)
 Metaspace       used 28301K, capacity 28946K, committed 29104K, reserved 1075200K
  class space    used 2944K, capacity 3223K, committed 3328K, reserved 1048576K
}
Event: 97.809 GC heap after
{Heap after GC invocations=225 (full 0):
 garbage-first heap   total 251904K, used 15095K [0x000000070a400000, 0x0000000800000000)
  region size 1024K, 1 young (1024K), 1 survivors (1024K)
 Metaspace       used 28301K, capacity 28946K, committed 29104K, reserved 1075200K
  class space    used 2944K, capacity 3223K, committed 3328K, reserved 1048576K
}
Event: 100.942 GC heap before
{Heap before GC invocations=226 (full 0):
 garbage-first heap   total 251904K, used 113399K [0x000000070a400000, 0x0000000800000000)
  region size 1024K, 3 young (3072K), 1 survivors (1024K)
 Metaspace       used 28345K, capacity 29010K, committed 29360K, reserved 1075200K
  class space    used 2945K, capacity 3223K, committed 3328K, reserved 1048576K
}
Event: 100.943 GC heap after
{Heap after GC invocations=227 (full 0):
 garbage-first heap   total 251904K, used 15095K [0x000000070a400000, 0x0000000800000000)
  region size 1024K, 1 young (1024K), 1 survivors (1024K)
 Metaspace       used 28345K, capacity 29010K, committed 29360K, reserved 1075200K
  class space    used 2945K, capacity 3223K, committed 3328K, reserved 1048576K
}
Event: 104.062 GC heap before
{Heap before GC invocations=228 (full 0):
 garbage-first heap   total 251904K, used 113399K [0x000000070a400000, 0x0000000800000000)
  region size 1024K, 3 young (3072K), 1 survivors (1024K)
 Metaspace       used 28348K, capacity 29010K, committed 29360K, reserved 1075200K
  class space    used 2945K, capacity 3223K, committed 3328K, reserved 1048576K
}
Event: 104.064 GC heap after
{Heap after GC invocations=229 (full 0):
 garbage-first heap   total 251904K, used 15109K [0x000000070a400000, 0x0000000800000000)
  region size 1024K, 1 young (1024K), 1 survivors (1024K)
 Metaspace       used 28348K, capacity 29010K, committed 29360K, reserved 1075200K
  class space    used 2945K, capacity 3223K, committed 3328K, reserved 1048576K
}
Event: 107.199 GC heap before
{Heap before GC invocations=230 (full 0):
 garbage-first heap   total 251904K, used 113413K [0x000000070a400000, 0x0000000800000000)
  region size 1024K, 3 young (3072K), 1 survivors (1024K)
 Metaspace       used 28349K, capacity 29010K, committed 29360K, reserved 1075200K
  class space    used 2945K, capacity 3223K, committed 3328K, reserved 1048576K
}
Event: 107.200 GC heap after
{Heap after GC invocations=231 (full 0):
 garbage-first heap   total 251904K, used 15117K [0x000000070a400000, 0x0000000800000000)
  region size 1024K, 1 young (1024K), 1 survivors (1024K)
 Metaspace       used 28349K, capacity 29010K, committed 29360K, reserved 1075200K
  class space    used 2945K, capacity 3223K, committed 3328K, reserved 1048576K
}
Event: 110.317 GC heap before
{Heap before GC invocations=232 (full 0):
 garbage-first heap   total 251904K, used 113421K [0x000000070a400000, 0x0000000800000000)
  region size 1024K, 3 young (3072K), 1 survivors (1024K)
 Metaspace       used 28388K, capacity 29074K, committed 29360K, reserved 1075200K
  class space    used 2951K, capacity 3223K, committed 3328K, reserved 1048576K
}
Event: 110.319 GC heap after
{Heap after GC invocations=233 (full 0):
 garbage-first heap   total 251904K, used 15117K [0x000000070a400000, 0x0000000800000000)
  region size 1024K, 1 young (1024K), 1 survivors (1024K)
 Metaspace       used 28388K, capacity 29074K, committed 29360K, reserved 1075200K
  class space    used 2951K, capacity 3223K, committed 3328K, reserved 1048576K
}
Event: 113.452 GC heap before
{Heap before GC invocations=234 (full 0):
 garbage-first heap   total 251904K, used 113421K [0x000000070a400000, 0x0000000800000000)
  region size 1024K, 3 young (3072K), 1 survivors (1024K)
 Metaspace       used 28420K, capacity 29074K, committed 29360K, reserved 1075200K
  class space    used 2952K, capacity 3223K, committed 3328K, reserved 1048576K
}
Event: 113.454 GC heap after
{Heap after GC invocations=235 (full 0):
 garbage-first heap   total 251904K, used 15118K [0x000000070a400000, 0x0000000800000000)
  region size 1024K, 1 young (1024K), 1 survivors (1024K)
 Metaspace       used 28420K, capacity 29074K, committed 29360K, reserved 1075200K
  class space    used 2952K, capacity 3223K, committed 3328K, reserved 1048576K
}

